<?xml version="1.0" encoding="UTF-8"?>
<testsuite name="PaginaDemo" tests="1" skipped="0" failures="0" errors="0" timestamp="2023-03-12T16:23:03" hostname="CCBTEC020WK039" time="24.809">
  <properties/>
  <testcase name="Realizar un flujo completo de compra de productos" classname="PaginaDemo" time="24.809"/>
  <system-out><![CDATA[Captura de VariableThank you for your purchase!
]]></system-out>
  <system-err><![CDATA[[Test worker] WARN net.thucydides.core.steps.BaseStepListener - stepStarted: net.thucydides.core.steps.ExecutedStepDescription@297ea53a
[Test worker] WARN net.thucydides.core.steps.BaseStepListener - stepStarted: net.thucydides.core.steps.ExecutedStepDescription@46866946
mar 12, 2023 11:23:04 AM org.openqa.selenium.remote.DesiredCapabilities chrome
INFORMACIÓN: Using `new ChromeOptions()` is preferred to `DesiredCapabilities.chrome()`
[Test worker] INFO net.serenitybdd.core.webdriver.driverproviders.ProvideNewDriver - Instantiating driver
[Test worker] INFO net.serenitybdd.core.webdriver.driverproviders.ProvideNewDriver - Driver capabilities: Capabilities {acceptInsecureCerts: false, browserName: chrome, chrome.switches: --start-maximized, goog:chromeOptions: {args: [--start-maximized], extensions: []}, loggingPrefs: org.openqa.selenium.logging..., platform: ANY, version: }
Starting ChromeDriver 110.0.5481.77 (65ed616c6e8ee3fe0ad64fe83796c020644d42af-refs/branch-heads/5481@{#839}) on port 16867
Only local connections are allowed.
Please see https://chromedriver.chromium.org/security-considerations for suggestions on keeping ChromeDriver safe.
ChromeDriver was started successfully.
[1678638188.404][WARNING]: virtual void DevToolsClientImpl::AddListener(DevToolsEventListener *) subscribing a listener to the already connected DevToolsClient. Connection notification will not arrive.
mar 12, 2023 11:23:08 AM org.openqa.selenium.remote.ProtocolHandshake createSession
INFORMACIÓN: Detected dialect: W3C
[Test worker] WARN net.thucydides.core.steps.BaseStepListener - stepFinished: current outcome:Realizar un flujo completo de compra de productos:Dado que el usuario se loguea en la pagina demoblaze [Alvaro opens the Page demoblaze]
[Test worker] WARN net.thucydides.core.steps.BaseStepListener - stepStarted: net.thucydides.core.steps.ExecutedStepDescription@53b1a3f8
[Test worker] WARN net.thucydides.core.steps.BaseStepListener - stepStarted: net.thucydides.core.steps.ExecutedStepDescription@6807a356
[Test worker] WARN net.thucydides.core.steps.BaseStepListener - stepFinished: current outcome:Realizar un flujo completo de compra de productos:Dado que el usuario se loguea en la pagina demoblaze [Alvaro opens the Page demoblaze, Alvaro iniciar sesion [Alvaro clicks on Dar click al boton login]]
[Test worker] WARN net.thucydides.core.steps.BaseStepListener - stepStarted: net.thucydides.core.steps.ExecutedStepDescription@53ce2392
[Test worker] WARN net.thucydides.core.steps.BaseStepListener - stepFinished: current outcome:Realizar un flujo completo de compra de productos:Dado que el usuario se loguea en la pagina demoblaze [Alvaro opens the Page demoblaze, Alvaro iniciar sesion [Alvaro clicks on Dar click al boton login, Alvaro enters 'acamano' into colocar el usuario]]
[Test worker] WARN net.thucydides.core.steps.BaseStepListener - stepStarted: net.thucydides.core.steps.ExecutedStepDescription@5e5beb8a
[Test worker] WARN net.thucydides.core.steps.BaseStepListener - stepFinished: current outcome:Realizar un flujo completo de compra de productos:Dado que el usuario se loguea en la pagina demoblaze [Alvaro opens the Page demoblaze, Alvaro iniciar sesion [Alvaro clicks on Dar click al boton login, Alvaro enters 'acamano' into colocar el usuario, Alvaro enters '12345' into colocar la contraseña]]
[Test worker] WARN net.thucydides.core.steps.BaseStepListener - stepStarted: net.thucydides.core.steps.ExecutedStepDescription@64387c17
[Test worker] WARN net.thucydides.core.steps.BaseStepListener - stepFinished: current outcome:Realizar un flujo completo de compra de productos:Dado que el usuario se loguea en la pagina demoblaze [Alvaro opens the Page demoblaze, Alvaro iniciar sesion [Alvaro clicks on Dar click al boton login, Alvaro enters 'acamano' into colocar el usuario, Alvaro enters '12345' into colocar la contraseña, Alvaro clicks on presionar el boton login]]
[Test worker] WARN net.thucydides.core.steps.BaseStepListener - stepFinished: current outcome:Realizar un flujo completo de compra de productos:Dado que el usuario se loguea en la pagina demoblaze [Alvaro opens the Page demoblaze, Alvaro iniciar sesion [Alvaro clicks on Dar click al boton login, Alvaro enters 'acamano' into colocar el usuario, Alvaro enters '12345' into colocar la contraseña, Alvaro clicks on presionar el boton login]]
[Test worker] WARN net.thucydides.core.steps.BaseStepListener - stepFinished: current outcome:Realizar un flujo completo de compra de productos:Dado que el usuario se loguea en la pagina demoblaze [Alvaro opens the Page demoblaze, Alvaro iniciar sesion [Alvaro clicks on Dar click al boton login, Alvaro enters 'acamano' into colocar el usuario, Alvaro enters '12345' into colocar la contraseña, Alvaro clicks on presionar el boton login]]
[Test worker] WARN net.thucydides.core.steps.BaseStepListener - stepStarted: net.thucydides.core.steps.ExecutedStepDescription@62765aec
[Test worker] WARN net.thucydides.core.steps.BaseStepListener - stepStarted: net.thucydides.core.steps.ExecutedStepDescription@76e90da5
[Test worker] WARN net.thucydides.core.steps.BaseStepListener - stepStarted: net.thucydides.core.steps.ExecutedStepDescription@706ddbc8
[Test worker] WARN net.thucydides.core.steps.BaseStepListener - stepFinished: current outcome:Realizar un flujo completo de compra de productos:Dado que el usuario se loguea en la pagina demoblaze [Alvaro opens the Page demoblaze, Alvaro iniciar sesion [Alvaro clicks on Dar click al boton login, Alvaro enters 'acamano' into colocar el usuario, Alvaro enters '12345' into colocar la contraseña, Alvaro clicks on presionar el boton login]], Cuando agrega productos al carrito [Alvaro comprar productos [Alvaro clicks on seleccionar celular]]
[Test worker] WARN net.thucydides.core.steps.BaseStepListener - stepStarted: net.thucydides.core.steps.ExecutedStepDescription@5ae1c281
[Test worker] WARN net.thucydides.core.steps.BaseStepListener - stepFinished: current outcome:Realizar un flujo completo de compra de productos:Dado que el usuario se loguea en la pagina demoblaze [Alvaro opens the Page demoblaze, Alvaro iniciar sesion [Alvaro clicks on Dar click al boton login, Alvaro enters 'acamano' into colocar el usuario, Alvaro enters '12345' into colocar la contraseña, Alvaro clicks on presionar el boton login]], Cuando agrega productos al carrito [Alvaro comprar productos [Alvaro clicks on seleccionar celular, Alvaro clicks on presionar boton add to cart]]
[Test worker] WARN net.thucydides.core.steps.BaseStepListener - stepStarted: net.thucydides.core.steps.ExecutedStepDescription@6ecc02bb
[Test worker] WARN net.thucydides.core.steps.BaseStepListener - stepFinished: current outcome:Realizar un flujo completo de compra de productos:Dado que el usuario se loguea en la pagina demoblaze [Alvaro opens the Page demoblaze, Alvaro iniciar sesion [Alvaro clicks on Dar click al boton login, Alvaro enters 'acamano' into colocar el usuario, Alvaro enters '12345' into colocar la contraseña, Alvaro clicks on presionar el boton login]], Cuando agrega productos al carrito [Alvaro comprar productos [Alvaro clicks on seleccionar celular, Alvaro clicks on presionar boton add to cart, Alvaro clicks on regresar a la pagina principal]]
[Test worker] WARN net.thucydides.core.steps.BaseStepListener - stepStarted: net.thucydides.core.steps.ExecutedStepDescription@2921a36a
[Test worker] WARN net.thucydides.core.steps.BaseStepListener - stepFinished: current outcome:Realizar un flujo completo de compra de productos:Dado que el usuario se loguea en la pagina demoblaze [Alvaro opens the Page demoblaze, Alvaro iniciar sesion [Alvaro clicks on Dar click al boton login, Alvaro enters 'acamano' into colocar el usuario, Alvaro enters '12345' into colocar la contraseña, Alvaro clicks on presionar el boton login]], Cuando agrega productos al carrito [Alvaro comprar productos [Alvaro clicks on seleccionar celular, Alvaro clicks on presionar boton add to cart, Alvaro clicks on regresar a la pagina principal, Alvaro clicks on seleccionar laptop]]
[Test worker] WARN net.thucydides.core.steps.BaseStepListener - stepStarted: net.thucydides.core.steps.ExecutedStepDescription@1b3ab4f9
[Test worker] WARN net.thucydides.core.steps.BaseStepListener - stepFinished: current outcome:Realizar un flujo completo de compra de productos:Dado que el usuario se loguea en la pagina demoblaze [Alvaro opens the Page demoblaze, Alvaro iniciar sesion [Alvaro clicks on Dar click al boton login, Alvaro enters 'acamano' into colocar el usuario, Alvaro enters '12345' into colocar la contraseña, Alvaro clicks on presionar el boton login]], Cuando agrega productos al carrito [Alvaro comprar productos [Alvaro clicks on seleccionar celular, Alvaro clicks on presionar boton add to cart, Alvaro clicks on regresar a la pagina principal, Alvaro clicks on seleccionar laptop, Alvaro clicks on presionar boton add to cart laptop]]
[Test worker] WARN net.thucydides.core.steps.BaseStepListener - stepStarted: net.thucydides.core.steps.ExecutedStepDescription@64ae105d
[Test worker] WARN net.thucydides.core.steps.BaseStepListener - stepFinished: current outcome:Realizar un flujo completo de compra de productos:Dado que el usuario se loguea en la pagina demoblaze [Alvaro opens the Page demoblaze, Alvaro iniciar sesion [Alvaro clicks on Dar click al boton login, Alvaro enters 'acamano' into colocar el usuario, Alvaro enters '12345' into colocar la contraseña, Alvaro clicks on presionar el boton login]], Cuando agrega productos al carrito [Alvaro comprar productos [Alvaro clicks on seleccionar celular, Alvaro clicks on presionar boton add to cart, Alvaro clicks on regresar a la pagina principal, Alvaro clicks on seleccionar laptop, Alvaro clicks on presionar boton add to cart laptop, Alvaro clicks on regresar a la pagina principal]]
[Test worker] WARN net.thucydides.core.steps.BaseStepListener - stepStarted: net.thucydides.core.steps.ExecutedStepDescription@6010d0d1
[Test worker] WARN net.thucydides.core.steps.BaseStepListener - stepFinished: current outcome:Realizar un flujo completo de compra de productos:Dado que el usuario se loguea en la pagina demoblaze [Alvaro opens the Page demoblaze, Alvaro iniciar sesion [Alvaro clicks on Dar click al boton login, Alvaro enters 'acamano' into colocar el usuario, Alvaro enters '12345' into colocar la contraseña, Alvaro clicks on presionar el boton login]], Cuando agrega productos al carrito [Alvaro comprar productos [Alvaro clicks on seleccionar celular, Alvaro clicks on presionar boton add to cart, Alvaro clicks on regresar a la pagina principal, Alvaro clicks on seleccionar laptop, Alvaro clicks on presionar boton add to cart laptop, Alvaro clicks on regresar a la pagina principal, Alvaro clicks on presionar boton cart]]
[Test worker] WARN net.thucydides.core.steps.BaseStepListener - stepStarted: net.thucydides.core.steps.ExecutedStepDescription@49c099b
[Test worker] WARN net.thucydides.core.steps.BaseStepListener - stepFinished: current outcome:Realizar un flujo completo de compra de productos:Dado que el usuario se loguea en la pagina demoblaze [Alvaro opens the Page demoblaze, Alvaro iniciar sesion [Alvaro clicks on Dar click al boton login, Alvaro enters 'acamano' into colocar el usuario, Alvaro enters '12345' into colocar la contraseña, Alvaro clicks on presionar el boton login]], Cuando agrega productos al carrito [Alvaro comprar productos [Alvaro clicks on seleccionar celular, Alvaro clicks on presionar boton add to cart, Alvaro clicks on regresar a la pagina principal, Alvaro clicks on seleccionar laptop, Alvaro clicks on presionar boton add to cart laptop, Alvaro clicks on regresar a la pagina principal, Alvaro clicks on presionar boton cart, Alvaro clicks on presionar boton place order]]
[Test worker] WARN net.thucydides.core.steps.BaseStepListener - stepStarted: net.thucydides.core.steps.ExecutedStepDescription@230a73f2
[Test worker] WARN net.thucydides.core.steps.BaseStepListener - stepFinished: current outcome:Realizar un flujo completo de compra de productos:Dado que el usuario se loguea en la pagina demoblaze [Alvaro opens the Page demoblaze, Alvaro iniciar sesion [Alvaro clicks on Dar click al boton login, Alvaro enters 'acamano' into colocar el usuario, Alvaro enters '12345' into colocar la contraseña, Alvaro clicks on presionar el boton login]], Cuando agrega productos al carrito [Alvaro comprar productos [Alvaro clicks on seleccionar celular, Alvaro clicks on presionar boton add to cart, Alvaro clicks on regresar a la pagina principal, Alvaro clicks on seleccionar laptop, Alvaro clicks on presionar boton add to cart laptop, Alvaro clicks on regresar a la pagina principal, Alvaro clicks on presionar boton cart, Alvaro clicks on presionar boton place order, Alvaro enters 'Alvaro' into ingresar nombre]]
[Test worker] WARN net.thucydides.core.steps.BaseStepListener - stepStarted: net.thucydides.core.steps.ExecutedStepDescription@2a8f6e6
[Test worker] WARN net.thucydides.core.steps.BaseStepListener - stepFinished: current outcome:Realizar un flujo completo de compra de productos:Dado que el usuario se loguea en la pagina demoblaze [Alvaro opens the Page demoblaze, Alvaro iniciar sesion [Alvaro clicks on Dar click al boton login, Alvaro enters 'acamano' into colocar el usuario, Alvaro enters '12345' into colocar la contraseña, Alvaro clicks on presionar el boton login]], Cuando agrega productos al carrito [Alvaro comprar productos [Alvaro clicks on seleccionar celular, Alvaro clicks on presionar boton add to cart, Alvaro clicks on regresar a la pagina principal, Alvaro clicks on seleccionar laptop, Alvaro clicks on presionar boton add to cart laptop, Alvaro clicks on regresar a la pagina principal, Alvaro clicks on presionar boton cart, Alvaro clicks on presionar boton place order, Alvaro enters 'Alvaro' into ingresar nombre, Alvaro enters 'Panamá' into ingresar pais]]
[Test worker] WARN net.thucydides.core.steps.BaseStepListener - stepStarted: net.thucydides.core.steps.ExecutedStepDescription@35787726
[Test worker] WARN net.thucydides.core.steps.BaseStepListener - stepFinished: current outcome:Realizar un flujo completo de compra de productos:Dado que el usuario se loguea en la pagina demoblaze [Alvaro opens the Page demoblaze, Alvaro iniciar sesion [Alvaro clicks on Dar click al boton login, Alvaro enters 'acamano' into colocar el usuario, Alvaro enters '12345' into colocar la contraseña, Alvaro clicks on presionar el boton login]], Cuando agrega productos al carrito [Alvaro comprar productos [Alvaro clicks on seleccionar celular, Alvaro clicks on presionar boton add to cart, Alvaro clicks on regresar a la pagina principal, Alvaro clicks on seleccionar laptop, Alvaro clicks on presionar boton add to cart laptop, Alvaro clicks on regresar a la pagina principal, Alvaro clicks on presionar boton cart, Alvaro clicks on presionar boton place order, Alvaro enters 'Alvaro' into ingresar nombre, Alvaro enters 'Panamá' into ingresar pais, Alvaro enters 'Panamá' into ingresar ciudad]]
[Test worker] WARN net.thucydides.core.steps.BaseStepListener - stepStarted: net.thucydides.core.steps.ExecutedStepDescription@12952aff
[Test worker] WARN net.thucydides.core.steps.BaseStepListener - stepFinished: current outcome:Realizar un flujo completo de compra de productos:Dado que el usuario se loguea en la pagina demoblaze [Alvaro opens the Page demoblaze, Alvaro iniciar sesion [Alvaro clicks on Dar click al boton login, Alvaro enters 'acamano' into colocar el usuario, Alvaro enters '12345' into colocar la contraseña, Alvaro clicks on presionar el boton login]], Cuando agrega productos al carrito [Alvaro comprar productos [Alvaro clicks on seleccionar celular, Alvaro clicks on presionar boton add to cart, Alvaro clicks on regresar a la pagina principal, Alvaro clicks on seleccionar laptop, Alvaro clicks on presionar boton add to cart laptop, Alvaro clicks on regresar a la pagina principal, Alvaro clicks on presionar boton cart, Alvaro clicks on presionar boton place order, Alvaro enters 'Alvaro' into ingresar nombre, Alvaro enters 'Panamá' into ingresar pais, Alvaro enters 'Panamá' into ingresar ciudad, Alvaro enters '8515266' into ingresar tarjeta de credito]]
[Test worker] WARN net.thucydides.core.steps.BaseStepListener - stepStarted: net.thucydides.core.steps.ExecutedStepDescription@7fe8c7db
[Test worker] WARN net.thucydides.core.steps.BaseStepListener - stepFinished: current outcome:Realizar un flujo completo de compra de productos:Dado que el usuario se loguea en la pagina demoblaze [Alvaro opens the Page demoblaze, Alvaro iniciar sesion [Alvaro clicks on Dar click al boton login, Alvaro enters 'acamano' into colocar el usuario, Alvaro enters '12345' into colocar la contraseña, Alvaro clicks on presionar el boton login]], Cuando agrega productos al carrito [Alvaro comprar productos [Alvaro clicks on seleccionar celular, Alvaro clicks on presionar boton add to cart, Alvaro clicks on regresar a la pagina principal, Alvaro clicks on seleccionar laptop, Alvaro clicks on presionar boton add to cart laptop, Alvaro clicks on regresar a la pagina principal, Alvaro clicks on presionar boton cart, Alvaro clicks on presionar boton place order, Alvaro enters 'Alvaro' into ingresar nombre, Alvaro enters 'Panamá' into ingresar pais, Alvaro enters 'Panamá' into ingresar ciudad, Alvaro enters '8515266' into ingresar tarjeta de credito, Alvaro clicks on ingresar tarjeta de credito]]
[Test worker] WARN net.thucydides.core.steps.BaseStepListener - stepFinished: current outcome:Realizar un flujo completo de compra de productos:Dado que el usuario se loguea en la pagina demoblaze [Alvaro opens the Page demoblaze, Alvaro iniciar sesion [Alvaro clicks on Dar click al boton login, Alvaro enters 'acamano' into colocar el usuario, Alvaro enters '12345' into colocar la contraseña, Alvaro clicks on presionar el boton login]], Cuando agrega productos al carrito [Alvaro comprar productos [Alvaro clicks on seleccionar celular, Alvaro clicks on presionar boton add to cart, Alvaro clicks on regresar a la pagina principal, Alvaro clicks on seleccionar laptop, Alvaro clicks on presionar boton add to cart laptop, Alvaro clicks on regresar a la pagina principal, Alvaro clicks on presionar boton cart, Alvaro clicks on presionar boton place order, Alvaro enters 'Alvaro' into ingresar nombre, Alvaro enters 'Panamá' into ingresar pais, Alvaro enters 'Panamá' into ingresar ciudad, Alvaro enters '8515266' into ingresar tarjeta de credito, Alvaro clicks on ingresar tarjeta de credito]]
[Test worker] WARN net.thucydides.core.steps.BaseStepListener - stepFinished: current outcome:Realizar un flujo completo de compra de productos:Dado que el usuario se loguea en la pagina demoblaze [Alvaro opens the Page demoblaze, Alvaro iniciar sesion [Alvaro clicks on Dar click al boton login, Alvaro enters 'acamano' into colocar el usuario, Alvaro enters '12345' into colocar la contraseña, Alvaro clicks on presionar el boton login]], Cuando agrega productos al carrito [Alvaro comprar productos [Alvaro clicks on seleccionar celular, Alvaro clicks on presionar boton add to cart, Alvaro clicks on regresar a la pagina principal, Alvaro clicks on seleccionar laptop, Alvaro clicks on presionar boton add to cart laptop, Alvaro clicks on regresar a la pagina principal, Alvaro clicks on presionar boton cart, Alvaro clicks on presionar boton place order, Alvaro enters 'Alvaro' into ingresar nombre, Alvaro enters 'Panamá' into ingresar pais, Alvaro enters 'Panamá' into ingresar ciudad, Alvaro enters '8515266' into ingresar tarjeta de credito, Alvaro clicks on ingresar tarjeta de credito]]
[Test worker] WARN net.thucydides.core.steps.BaseStepListener - stepStarted: net.thucydides.core.steps.ExecutedStepDescription@6aa5974e
[Test worker] WARN net.thucydides.core.steps.BaseStepListener - stepStarted: net.thucydides.core.steps.ExecutedStepDescription@15605d83
[Test worker] WARN net.thucydides.core.steps.BaseStepListener - stepFinished: current outcome:Realizar un flujo completo de compra de productos:Dado que el usuario se loguea en la pagina demoblaze [Alvaro opens the Page demoblaze, Alvaro iniciar sesion [Alvaro clicks on Dar click al boton login, Alvaro enters 'acamano' into colocar el usuario, Alvaro enters '12345' into colocar la contraseña, Alvaro clicks on presionar el boton login]], Cuando agrega productos al carrito [Alvaro comprar productos [Alvaro clicks on seleccionar celular, Alvaro clicks on presionar boton add to cart, Alvaro clicks on regresar a la pagina principal, Alvaro clicks on seleccionar laptop, Alvaro clicks on presionar boton add to cart laptop, Alvaro clicks on regresar a la pagina principal, Alvaro clicks on presionar boton cart, Alvaro clicks on presionar boton place order, Alvaro enters 'Alvaro' into ingresar nombre, Alvaro enters 'Panamá' into ingresar pais, Alvaro enters 'Panamá' into ingresar ciudad, Alvaro enters '8515266' into ingresar tarjeta de credito, Alvaro clicks on ingresar tarjeta de credito]], Entonces realiza la compra de los productos Thank you for your purchase! [Then compra exitosa]
[Test worker] WARN net.thucydides.core.steps.BaseStepListener - stepFinished: current outcome:Realizar un flujo completo de compra de productos:Dado que el usuario se loguea en la pagina demoblaze [Alvaro opens the Page demoblaze, Alvaro iniciar sesion [Alvaro clicks on Dar click al boton login, Alvaro enters 'acamano' into colocar el usuario, Alvaro enters '12345' into colocar la contraseña, Alvaro clicks on presionar el boton login]], Cuando agrega productos al carrito [Alvaro comprar productos [Alvaro clicks on seleccionar celular, Alvaro clicks on presionar boton add to cart, Alvaro clicks on regresar a la pagina principal, Alvaro clicks on seleccionar laptop, Alvaro clicks on presionar boton add to cart laptop, Alvaro clicks on regresar a la pagina principal, Alvaro clicks on presionar boton cart, Alvaro clicks on presionar boton place order, Alvaro enters 'Alvaro' into ingresar nombre, Alvaro enters 'Panamá' into ingresar pais, Alvaro enters 'Panamá' into ingresar ciudad, Alvaro enters '8515266' into ingresar tarjeta de credito, Alvaro clicks on ingresar tarjeta de credito]], Entonces realiza la compra de los productos Thank you for your purchase! [Then compra exitosa]
[Test worker] WARN net.thucydides.core.steps.BaseStepListener - testFinished: Realizar un flujo completo de compra de productos:Dado que el usuario se loguea en la pagina demoblaze [Alvaro opens the Page demoblaze, Alvaro iniciar sesion [Alvaro clicks on Dar click al boton login, Alvaro enters 'acamano' into colocar el usuario, Alvaro enters '12345' into colocar la contraseña, Alvaro clicks on presionar el boton login]], Cuando agrega productos al carrito [Alvaro comprar productos [Alvaro clicks on seleccionar celular, Alvaro clicks on presionar boton add to cart, Alvaro clicks on regresar a la pagina principal, Alvaro clicks on seleccionar laptop, Alvaro clicks on presionar boton add to cart laptop, Alvaro clicks on regresar a la pagina principal, Alvaro clicks on presionar boton cart, Alvaro clicks on presionar boton place order, Alvaro enters 'Alvaro' into ingresar nombre, Alvaro enters 'Panamá' into ingresar pais, Alvaro enters 'Panamá' into ingresar ciudad, Alvaro enters '8515266' into ingresar tarjeta de credito, Alvaro clicks on ingresar tarjeta de credito]], Entonces realiza la compra de los productos Thank you for your purchase! [Then compra exitosa]
[Test worker] WARN net.thucydides.core.steps.BaseStepListener - TestOutcomes: [Realizar un flujo completo de compra de productos:Dado que el usuario se loguea en la pagina demoblaze [Alvaro opens the Page demoblaze, Alvaro iniciar sesion [Alvaro clicks on Dar click al boton login, Alvaro enters 'acamano' into colocar el usuario, Alvaro enters '12345' into colocar la contraseña, Alvaro clicks on presionar el boton login]], Cuando agrega productos al carrito [Alvaro comprar productos [Alvaro clicks on seleccionar celular, Alvaro clicks on presionar boton add to cart, Alvaro clicks on regresar a la pagina principal, Alvaro clicks on seleccionar laptop, Alvaro clicks on presionar boton add to cart laptop, Alvaro clicks on regresar a la pagina principal, Alvaro clicks on presionar boton cart, Alvaro clicks on presionar boton place order, Alvaro enters 'Alvaro' into ingresar nombre, Alvaro enters 'Panamá' into ingresar pais, Alvaro enters 'Panamá' into ingresar ciudad, Alvaro enters '8515266' into ingresar tarjeta de credito, Alvaro clicks on ingresar tarjeta de credito]], Entonces realiza la compra de los productos Thank you for your purchase! [Then compra exitosa]]
[Test worker] WARN net.thucydides.core.steps.BaseStepListener - Final testOutcomes: [Realizar un flujo completo de compra de productos:Dado que el usuario se loguea en la pagina demoblaze [Alvaro opens the Page demoblaze, Alvaro iniciar sesion [Alvaro clicks on Dar click al boton login, Alvaro enters 'acamano' into colocar el usuario, Alvaro enters '12345' into colocar la contraseña, Alvaro clicks on presionar el boton login]], Cuando agrega productos al carrito [Alvaro comprar productos [Alvaro clicks on seleccionar celular, Alvaro clicks on presionar boton add to cart, Alvaro clicks on regresar a la pagina principal, Alvaro clicks on seleccionar laptop, Alvaro clicks on presionar boton add to cart laptop, Alvaro clicks on regresar a la pagina principal, Alvaro clicks on presionar boton cart, Alvaro clicks on presionar boton place order, Alvaro enters 'Alvaro' into ingresar nombre, Alvaro enters 'Panamá' into ingresar pais, Alvaro enters 'Panamá' into ingresar ciudad, Alvaro enters '8515266' into ingresar tarjeta de credito, Alvaro clicks on ingresar tarjeta de credito]], Entonces realiza la compra de los productos Thank you for your purchase! [Then compra exitosa]]
[Test worker] INFO net.thucydides.core.steps.ConsoleLoggingListener - 
        __    _____ _____ ____ _____   ____   _    ____  ____  _____ ____  
  _     \ \  |_   _| ____/ ___|_   _| |  _ \ / \  / ___|/ ___|| ____|  _ \ 
 (_)_____| |   | | |  _| \___ \ | |   | |_) / _ \ \___ \\___ \|  _| | | | |
  _|_____| |   | | | |___ ___) || |   |  __/ ___ \ ___) |___) | |___| |_| |
 (_)     | |   |_| |_____|____/ |_|   |_| /_/   \_\____/|____/|_____|____/ 
        /_/                                                                

TEST PASSED: Realizar un flujo completo de compra de productos
----------------------------------------------------------------------------
]]></system-err>
</testsuite>
